./datasets/mnist_179_1200.csv
batch(0):1.0280
batch(1):0.0022
batch(2):0.0018
batch(3):0.0017
batch(4):0.0017
batch(5):0.0017
batch(6):0.0017
batch(7):0.0017
batch(8):0.0017
batch(9):0.0017
batch(10):0.0017
batch(11):0.0026
batch(12):0.0017
batch(13):0.0017
batch(14):0.0017
batch(15):0.0017
batch(16):0.0017
batch(17):0.0017
batch(18):0.0017
batch(19):0.0017
batch(20):0.0017
batch(21):0.0017
batch(22):0.0017
batch(23):0.0017
batch(24):0.0017
batch(25):0.0017
batch(26):0.0017
batch(27):0.0017
batch(28):0.0017
batch(29):0.0017
batch(30):0.0017
batch(31):0.0017
[[203  72  55]
 [ 76 228  28]
 [ 86  25 187]]
Epoch:0, TR_Loss: 2.7186, TR_Acc: 0.6438
[[43 10 15]
 [15 64  4]
 [13  2 74]]
Epoch: 0 VAL_Loss: 0.5995, VAL_Acc: 0.7542
Time for Epoch (0): 1.1249
batch(0):0.0017
batch(1):0.0017
batch(2):0.0017
batch(3):0.0017
batch(4):0.0017
batch(5):0.0017
batch(6):0.0017
batch(7):0.0017
batch(8):0.0017
batch(9):0.0017
batch(10):0.0017
batch(11):0.0017
batch(12):0.0017
batch(13):0.0017
batch(14):0.0017
batch(15):0.0017
batch(16):0.0017
batch(17):0.0017
batch(18):0.0048
batch(19):0.0017
batch(20):0.0017
batch(21):0.0017
batch(22):0.0017
batch(23):0.0017
batch(24):0.0017
batch(25):0.0051
batch(26):0.0017
batch(27):0.0017
batch(28):0.0017
batch(29):0.0017
batch(30):0.0017
batch(31):0.0017
[[241  34  55]
 [ 27 293  12]
 [ 53   9 236]]
Epoch:1, TR_Loss: 0.5138, TR_Acc: 0.8021
[[53  7  8]
 [ 7 73  3]
 [25  1 63]]
Epoch: 1 VAL_Loss: 0.4787, VAL_Acc: 0.7875
Time for Epoch (1): 0.0966
batch(0):0.0017
batch(1):0.0054
batch(2):0.0017
batch(3):0.0017
batch(4):0.0017
batch(5):0.0017
batch(6):0.0017
batch(7):0.0042
batch(8):0.0017
batch(9):0.0017
batch(10):0.0017
batch(11):0.0017
batch(12):0.0017
batch(13):0.1179
batch(14):0.1873
batch(15):0.1813
batch(16):0.1813
batch(17):0.1813
batch(18):0.1813
batch(19):0.1873
batch(20):0.1813
batch(21):0.1813
batch(22):0.1813
batch(23):0.1813
batch(24):0.1813
batch(25):0.1828
batch(26):0.0376
batch(27):0.0017
batch(28):0.0017
batch(29):0.0017
batch(30):0.0017
batch(31):0.0017
[[266  17  47]
 [  9 317   6]
 [ 51   4 243]]
Epoch:2, TR_Loss: 0.3662, TR_Acc: 0.8604
[[52  6 10]
 [ 3 77  3]
 [ 9  1 79]]
Epoch: 2 VAL_Loss: 0.3361, VAL_Acc: 0.8667
Time for Epoch (2): 2.4196
batch(0):0.0017
batch(1):0.0017
batch(2):0.0017
batch(3):0.0017
batch(4):0.0017
batch(5):0.0017
batch(6):0.0017
batch(7):0.0017
batch(8):0.0017
batch(9):0.0017
batch(10):0.0017
batch(11):0.0017
batch(12):0.0017
batch(13):0.0017
batch(14):0.0017
batch(15):0.0017
batch(16):0.0017
batch(17):0.0017
batch(18):0.0017
batch(19):0.0017
batch(20):0.0017
batch(21):0.0017
batch(22):0.0017
batch(23):0.0017
batch(24):0.0017
batch(25):0.0017
batch(26):0.0017
batch(27):0.0017
batch(28):0.0017
batch(29):0.0017
batch(30):0.0017
batch(31):0.0017
[[281  11  38]
 [  4 325   3]
 [ 50   3 245]]
Epoch:3, TR_Loss: 0.2934, TR_Acc: 0.8865
[[48  4 16]
 [ 3 77  3]
 [ 3  0 86]]
Epoch: 3 VAL_Loss: 0.3462, VAL_Acc: 0.8792
Time for Epoch (3): 0.0903
batch(0):0.0017
batch(1):0.0017
batch(2):0.0017
batch(3):0.0017
batch(4):0.0017
batch(5):0.0017
batch(6):0.0017
batch(7):0.0017
batch(8):0.0017
batch(9):0.0017
batch(10):0.0017
batch(11):0.0017
batch(12):0.0017
batch(13):0.0017
batch(14):0.0017
batch(15):0.0017
batch(16):0.0017
batch(17):0.0017
batch(18):0.0017
batch(19):0.0017
batch(20):0.0017
batch(21):0.0017
batch(22):0.0017
batch(23):0.0017
batch(24):0.0017
batch(25):0.0017
batch(26):0.0017
batch(27):0.0017
batch(28):0.0017
batch(29):0.0017
batch(30):0.0017
batch(31):0.0017
[[283   7  40]
 [  5 324   3]
 [ 44   2 252]]
Epoch:4, TR_Loss: 0.2803, TR_Acc: 0.8948
[[55  4  9]
 [ 3 78  2]
 [ 8  1 80]]
Epoch: 4 VAL_Loss: 0.2951, VAL_Acc: 0.8875
Time for Epoch (4): 0.0899
batch(0):0.0018
batch(1):0.0017
batch(2):0.0017
batch(3):0.0017
batch(4):0.0017
batch(5):0.0017
batch(6):0.0017
batch(7):0.0017
batch(8):0.0017
batch(9):0.0017
batch(10):0.0017
batch(11):0.0017
batch(12):0.0017
batch(13):0.0017
batch(14):0.0017
batch(15):0.0017
batch(16):0.0017
batch(17):0.0017
batch(18):0.0017
batch(19):0.0017
batch(20):0.0017
batch(21):0.0017
batch(22):0.0017
batch(23):0.0017
batch(24):0.0017
batch(25):0.0017
batch(26):0.0017
batch(27):0.0017
batch(28):0.0017
batch(29):0.0017
batch(30):0.0017
batch(31):0.0017
[[286   6  38]
 [  3 327   2]
 [ 40   3 255]]
Epoch:5, TR_Loss: 0.2515, TR_Acc: 0.9042
[[56  3  9]
 [ 3 78  2]
 [18  1 70]]
Epoch: 5 VAL_Loss: 0.3029, VAL_Acc: 0.8500
Time for Epoch (5): 0.0901
batch(0):0.0017
batch(1):0.0017
batch(2):0.0017
batch(3):0.0017
batch(4):0.0017
batch(5):0.0017
batch(6):0.0017
batch(7):0.0017
batch(8):0.0017
batch(9):0.0017
batch(10):0.0017
batch(11):0.0017
batch(12):0.0017
batch(13):0.0017
batch(14):0.0017
batch(15):0.0017
batch(16):0.0017
batch(17):0.0017
batch(18):0.0017
batch(19):0.0017
batch(20):0.0017
batch(21):0.0017
batch(22):0.0017
batch(23):0.0017
batch(24):0.0017
batch(25):0.0017
batch(26):0.0017
batch(27):0.0017
batch(28):0.0017
batch(29):0.0017
batch(30):0.0017
batch(31):0.0017
[[292   6  32]
 [  3 327   2]
 [ 38   2 258]]
Epoch:6, TR_Loss: 0.2431, TR_Acc: 0.9135
[[57  2  9]
 [ 4 77  2]
 [24  1 64]]
Epoch: 6 VAL_Loss: 0.3040, VAL_Acc: 0.8250
Time for Epoch (6): 0.0903
batch(0):0.0017
batch(1):0.0017
batch(2):0.0017
batch(3):0.0017
batch(4):0.0017
batch(5):0.0017
batch(6):0.0017
batch(7):0.0017
batch(8):0.0017
batch(9):0.0017
batch(10):0.0017
batch(11):0.0017
batch(12):0.0017
batch(13):0.0017
batch(14):0.0017
batch(15):0.0017
batch(16):0.0017
batch(17):0.0017
batch(18):0.0017
batch(19):0.0017
batch(20):0.0017
batch(21):0.0017
batch(22):0.0017
batch(23):0.0017
batch(24):0.0017
batch(25):0.0017
batch(26):0.0017
batch(27):0.0017
batch(28):0.0017
batch(29):0.0017
batch(30):0.0017
batch(31):0.0017
[[291   7  32]
 [  3 327   2]
 [ 35   3 260]]
Epoch:7, TR_Loss: 0.2396, TR_Acc: 0.9146
[[57  4  7]
 [ 3 78  2]
 [26  1 62]]
Epoch: 7 VAL_Loss: 0.3370, VAL_Acc: 0.8208
Time for Epoch (7): 0.0899
batch(0):0.0017
batch(1):0.0017
batch(2):0.0017
batch(3):0.0017
batch(4):0.0017
batch(5):0.0017
batch(6):0.0017
batch(7):0.0017
batch(8):0.0017
batch(9):0.0017
batch(10):0.0017
batch(11):0.0017
batch(12):0.0017
batch(13):0.0017
batch(14):0.0017
batch(15):0.0017
batch(16):0.0017
batch(17):0.0017
batch(18):0.0017
batch(19):0.0017
batch(20):0.0017
batch(21):0.0017
batch(22):0.0017
batch(23):0.0017
batch(24):0.0017
batch(25):0.0017
batch(26):0.0017
batch(27):0.0017
batch(28):0.0017
batch(29):0.0017
batch(30):0.0017
batch(31):0.0017
[[293   8  29]
 [  2 328   2]
 [ 35   3 260]]
Epoch:8, TR_Loss: 0.2346, TR_Acc: 0.9177
[[55  3 10]
 [ 4 77  2]
 [12  1 76]]
Epoch: 8 VAL_Loss: 0.2897, VAL_Acc: 0.8667
Time for Epoch (8): 0.0899
batch(0):0.0017
batch(1):0.0017
batch(2):0.0017
batch(3):0.0017
batch(4):0.0017
batch(5):0.0017
batch(6):0.0017
batch(7):0.0017
batch(8):0.0017
batch(9):0.0017
batch(10):0.0017
batch(11):0.0017
batch(12):0.0017
batch(13):0.0017
batch(14):0.0017
batch(15):0.0017
batch(16):0.0017
batch(17):0.0017
batch(18):0.0017
batch(19):0.0017
batch(20):0.0017
batch(21):0.0017
batch(22):0.0017
batch(23):0.0017
batch(24):0.0017
batch(25):0.0017
batch(26):0.0017
batch(27):0.0017
batch(28):0.0017
batch(29):0.0017
batch(30):0.0017
batch(31):0.0017
[[292   5  33]
 [  2 329   1]
 [ 32   2 264]]
Epoch:9, TR_Loss: 0.2161, TR_Acc: 0.9219
[[54  3 11]
 [ 4 77  2]
 [11  1 77]]
Epoch: 9 VAL_Loss: 0.2804, VAL_Acc: 0.8667
Time for Epoch (9): 0.0901
