./datasets/mnist_179_1200.csv
batch(0):45.9544
batch(1):45.4160
batch(2):45.8856
batch(3):45.9326
batch(4):46.0238
batch(5):46.5044
batch(6):46.5019
batch(7):46.6129
batch(8):46.9376
batch(9):46.5396
batch(10):46.7055
batch(11):46.5939
batch(12):47.1314
batch(13):46.8764
batch(14):46.9141
batch(15):46.6800
batch(16):46.5743
batch(17):46.4383
batch(18):45.8083
batch(19):45.7977
batch(20):45.8702
batch(21):45.7747
batch(22):45.2443
batch(23):45.3030
batch(24):45.0486
batch(25):44.8361
batch(26):44.7618
batch(27):44.5804
batch(28):44.3029
batch(29):44.4453
batch(30):44.4375
batch(31):44.3922
[[ 75 118 137]
 [ 25 236  71]
 [ 70  65 163]]
Epoch:0, TR_Loss: 3.6519, TR_Acc: 0.4938
[[27  3 38]
 [ 6 76  1]
 [11  1 77]]
Epoch: 0 VAL_Loss: 0.7024, VAL_Acc: 0.7500
Time for Epoch (0): 1714.4741
batch(0):42.3900
batch(1):43.1126
batch(2):43.0553
batch(3):43.4431
batch(4):43.4815
batch(5):43.6177
batch(6):43.7280
batch(7):43.9938
batch(8):43.8670
batch(9):43.9687
batch(10):44.0362
batch(11):43.8859
batch(12):43.9917
batch(13):43.9630
batch(14):43.8843
batch(15):43.9170
batch(16):43.9974
batch(17):44.0263
batch(18):43.8923
batch(19):43.8937
batch(20):43.8918
batch(21):44.1074
batch(22):43.9403
batch(23):43.9634
batch(24):43.9906
batch(25):44.0375
batch(26):43.8851
batch(27):43.8829
batch(28):43.9189
batch(29):43.7949
batch(30):44.0043
batch(31):43.9648
[[168  28 134]
 [ 13 315   4]
 [111  12 175]]
Epoch:1, TR_Loss: 0.6836, TR_Acc: 0.6854
[[ 1  2 65]
 [ 3 77  3]
 [ 2  1 86]]
Epoch: 1 VAL_Loss: 0.6163, VAL_Acc: 0.6833
Time for Epoch (1): 1649.6070
batch(0):42.4141
batch(1):43.1388
batch(2):42.9619
batch(3):43.4219
batch(4):43.6189
batch(5):43.7364
batch(6):43.7211
batch(7):43.7844
batch(8):44.0044
batch(9):43.8976
batch(10):43.9658
batch(11):43.8442
batch(12):44.0257
batch(13):43.8567
batch(14):43.8539
batch(15):44.0350
batch(16):44.1250
batch(17):44.0150
batch(18):44.0021
batch(19):43.9985
batch(20):43.9623
batch(21):44.0961
batch(22):43.9346
batch(23):43.9967
batch(24):43.9875
batch(25):44.0102
batch(26):43.9541
batch(27):43.9183
batch(28):43.9608
batch(29):43.9100
batch(30):44.0735
batch(31):43.9601
[[181  20 129]
 [  9 321   2]
 [ 96   3 199]]
Epoch:2, TR_Loss: 0.5535, TR_Acc: 0.7302
[[57  2  9]
 [ 4 79  0]
 [33  1 55]]
Epoch: 2 VAL_Loss: 0.5165, VAL_Acc: 0.7958
Time for Epoch (2): 1649.9511
batch(0):42.3540
batch(1):43.1433
batch(2):42.9358
batch(3):43.6207
batch(4):43.5349
batch(5):43.6873
batch(6):43.8053
batch(7):43.9067
batch(8):43.7660
batch(9):43.8670
batch(10):43.8539
batch(11):43.8248
batch(12):43.9063
batch(13):43.8860
batch(14):43.8902
batch(15):43.9712
batch(16):43.9908
batch(17):43.9480
batch(18):43.8816
batch(19):43.8746
batch(20):43.8788
batch(21):43.9783
batch(22):43.8628
batch(23):43.7688
batch(24):43.7274
batch(25):43.8608
batch(26):43.7840
batch(27):43.8288
batch(28):43.7902
batch(29):43.7793
batch(30):43.8791
batch(31):43.7861
[[223  14  93]
 [  8 324   0]
 [ 71   1 226]]
Epoch:3, TR_Loss: 0.4704, TR_Acc: 0.8052
[[63  5  0]
 [ 4 79  0]
 [60  2 27]]
Epoch: 3 VAL_Loss: 0.5443, VAL_Acc: 0.7042
Time for Epoch (3): 1646.8692
batch(0):42.3537
batch(1):43.1519
batch(2):42.9303
batch(3):43.4334
batch(4):43.4504
batch(5):43.5787
batch(6):43.6646
batch(7):43.8362
batch(8):43.7753
batch(9):43.8347
batch(10):43.8255
batch(11):43.8157
batch(12):43.9256
batch(13):43.8312
batch(14):43.8441
batch(15):43.8255
batch(16):43.9489
batch(17):43.8545
batch(18):43.8621
batch(19):43.8723
batch(20):43.9200
batch(21):43.9351
batch(22):43.7914
batch(23):43.7776
batch(24):43.8286
batch(25):43.9468
batch(26):43.7716
batch(27):43.7552
batch(28):43.8477
batch(29):43.7663
batch(30):43.9617
batch(31):43.8501
[[245  17  68]
 [ 11 321   0]
 [ 59   0 239]]
Epoch:4, TR_Loss: 0.4243, TR_Acc: 0.8385
[[46  7 15]
 [ 3 80  0]
 [12  2 75]]
Epoch: 4 VAL_Loss: 0.4243, VAL_Acc: 0.8375
Time for Epoch (4): 1646.1561
batch(0):42.3698
batch(1):43.1191
batch(2):42.9220
batch(3):43.4365
batch(4):43.4269
batch(5):43.6560
batch(6):43.6910
batch(7):43.7980
batch(8):43.7733
batch(9):43.8370
batch(10):43.8230
batch(11):43.8062
batch(12):43.9531
batch(13):43.8708
batch(14):43.8939
batch(15):43.8155
batch(16):43.9258
batch(17):43.8662
batch(18):43.8396
batch(19):43.8514
batch(20):43.8544
batch(21):43.8309
batch(22):43.7309
batch(23):43.7430
batch(24):43.7557
batch(25):43.9052
batch(26):43.8715
batch(27):43.7685
batch(28):43.7355
batch(29):43.8582
batch(30):43.9715
batch(31):43.8557
[[242  15  73]
 [ 11 321   0]
 [ 67   0 231]]
Epoch:5, TR_Loss: 0.4208, TR_Acc: 0.8271
[[44  1 23]
 [ 6 77  0]
 [ 8  1 80]]
Epoch: 5 VAL_Loss: 0.3995, VAL_Acc: 0.8375
Time for Epoch (5): 1646.7328
batch(0):42.3798
batch(1):43.1201
batch(2):43.0626
batch(3):43.5632
batch(4):43.4268
batch(5):43.6866
batch(6):43.6619
batch(7):43.8147
batch(8):43.7897
batch(9):43.7811
batch(10):43.9541
batch(11):43.9542
batch(12):43.8993
batch(13):43.9804
batch(14):43.8535
batch(15):43.9859
batch(16):43.9458
batch(17):43.9029
batch(18):43.9931
batch(19):43.8909
batch(20):43.9127
batch(21):43.9497
batch(22):43.7683
batch(23):43.8712
batch(24):43.8591
batch(25):43.9183
batch(26):43.8635
batch(27):43.8873
batch(28):43.7772
batch(29):43.7413
batch(30):43.9596
batch(31):43.8762
[[251  12  67]
 [  7 324   1]
 [ 66   0 232]]
Epoch:6, TR_Loss: 0.3987, TR_Acc: 0.8406
[[51  5 12]
 [ 4 79  0]
 [12  1 76]]
Epoch: 6 VAL_Loss: 0.3800, VAL_Acc: 0.8583
Time for Epoch (6): 1646.9446
batch(0):42.3458
batch(1):43.0932
batch(2):42.9717
batch(3):43.3780
batch(4):43.4490
batch(5):43.5526
batch(6):43.6418
batch(7):43.7791
batch(8):43.7381
batch(9):43.7542
batch(10):43.8944
batch(11):43.9327
batch(12):43.9053
batch(13):43.8869
batch(14):43.8281
batch(15):43.8197
batch(16):43.9057
batch(17):43.9016
batch(18):43.9241
batch(19):43.7400
batch(20):43.8476
batch(21):43.8117
batch(22):43.7651
batch(23):43.7430
batch(24):43.7150
batch(25):43.8095
batch(26):43.8375
batch(27):43.7764
batch(28):43.7898
batch(29):43.7677
batch(30):43.9917
batch(31):43.9084
[[265  14  51]
 [  9 323   0]
 [ 56   1 241]]
Epoch:7, TR_Loss: 0.3559, TR_Acc: 0.8635
[[54 10  4]
 [ 2 81  0]
 [28  1 60]]
Epoch: 7 VAL_Loss: 0.4432, VAL_Acc: 0.8125
Time for Epoch (7): 1645.4032
batch(0):42.3618
batch(1):43.1027
batch(2):42.9011
batch(3):43.5177
batch(4):43.4421
batch(5):43.6066
batch(6):43.6571
batch(7):43.7735
batch(8):43.6813
batch(9):43.7563
batch(10):43.7959
batch(11):43.7790
batch(12):43.8801
batch(13):43.8029
batch(14):43.7891
batch(15):43.7948
batch(16):43.9235
batch(17):43.7772
batch(18):43.7771
batch(19):43.8990
batch(20):43.7582
batch(21):43.8843
batch(22):43.8951
batch(23):43.7635
batch(24):43.8577
batch(25):43.8353
batch(26):43.7645
batch(27):43.9140
batch(28):43.8548
batch(29):43.7347
batch(30):43.9381
batch(31):43.9171
[[275   9  46]
 [  7 325   0]
 [ 60   1 237]]
Epoch:8, TR_Loss: 0.3368, TR_Acc: 0.8719
[[54  3 11]
 [ 8 75  0]
 [15  0 74]]
Epoch: 8 VAL_Loss: 0.3855, VAL_Acc: 0.8458
Time for Epoch (8): 1645.5200
batch(0):42.3522
batch(1):43.0807
batch(2):42.9097
batch(3):43.4006
batch(4):43.4049
batch(5):43.5209
batch(6):43.6394
batch(7):43.8054
batch(8):43.8635
batch(9):43.7923
batch(10):43.8225
batch(11):43.7913
batch(12):44.0558
batch(13):43.8947
batch(14):43.8239
batch(15):43.8856
batch(16):43.9674
batch(17):43.9326
batch(18):43.8789
batch(19):43.8617
batch(20):43.9032
batch(21):44.0045
batch(22):43.7732
batch(23):43.8673
batch(24):43.8527
batch(25):43.9482
batch(26):43.8927
batch(27):43.8716
batch(28):43.7363
batch(29):43.7270
batch(30):43.9754
batch(31):43.9121
[[276  11  43]
 [  7 325   0]
 [ 40   0 258]]
Epoch:9, TR_Loss: 0.3177, TR_Acc: 0.8948
[[53  3 12]
 [ 5 78  0]
 [ 9  1 79]]
Epoch: 9 VAL_Loss: 0.3642, VAL_Acc: 0.8750
Time for Epoch (9): 1645.8292
